 [x] Awaiting RPC requests
{'pap': 96723.0, 'php': 390.3, 'gph': 0.0, 'mag': 176.0, 'gpv': 0.0, 'grz': -0.061, 'grx': 0.0, 'gry': 0.061, 'agz': 113.275, 'agy': 2.67, 'agx': 3.433, 'lat': 0.00446, 'acz': 1.034, 'acy': 0.062, 'acx': -0.048, 'lng': 0.01115, 't': '2017-03-08 14:52:42'}
{'pap': 96723.0, 'php': 390.3, 'gph': 0.0, 'mag': 177.0, 'gpv': 0.0, 'grz': 0.0, 'grx': -0.061, 'gry': 0.061, 'agz': 113.28, 'agy': 2.675, 'agx': 3.428, 'lat': 0.00446, 'acz': 1.034, 'acy': 0.062, 'acx': -0.048, 'lng': 0.01115, 't': '2017-03-08 14:52:43'}
{'pap': 96722.0, 'php': 390.3, 'gph': 0.0, 'mag': 177.0, 'gpv': 0.0, 'grz': 0.061, 'grx': -0.061, 'gry': 0.061, 'agz': 113.28, 'agy': 2.697, 'agx': 3.422, 'lat': 0.00446, 'acz': 1.034, 'acy': 0.062, 'acx': -0.049, 'lng': 0.01115, 't': '2017-03-08 14:52:44'}
{'pap': 96722.0, 'php': 390.4, 'gph': 0.0, 'mag': 176.0, 'gpv': 0.0, 'grz': -0.061, 'grx': -0.061, 'gry': 0.061, 'agz': 113.28, 'agy': 2.67, 'agx': 3.406, 'lat': 0.00446, 'acz': 1.034, 'acy': 0.062, 'acx': -0.048, 'lng': 0.01115, 't': '2017-03-08 14:52:45'}
{'pap': 96722.0, 'php': 390.4, 'gph': 0.0, 'mag': 177.0, 'gpv': 0.0, 'grz': -0.061, 'grx': -0.061, 'gry': 0.0, 'agz': 113.28, 'agy': 2.692, 'agx': 3.483, 'lat': 0.00446, 'acz': 1.035, 'acy': 0.063, 'acx': -0.049, 'lng': 0.01115, 't': '2017-03-08 14:52:46'}
Traceback (most recent call last):
  File "./sensor/vehicle_status.py", line 15, in <module>
    factory.start()
  File "/home/ubuntu/iov/rabbitMQ/rpc_server.py", line 40, in start
    self.channel.start_consuming()
  File "/usr/lib/python2.7/dist-packages/pika/adapters/blocking_connection.py", line 917, in start_consuming
    self.connection.process_data_events()
  File "/usr/lib/python2.7/dist-packages/pika/adapters/blocking_connection.py", line 215, in process_data_events
    if self._handle_read():
  File "/usr/lib/python2.7/dist-packages/pika/adapters/blocking_connection.py", line 327, in _handle_read
    if self._read_poller.ready():
  File "/usr/lib/python2.7/dist-packages/pika/adapters/blocking_connection.py", line 62, in ready
    events = self.poller.poll(self.poll_timeout)
KeyboardInterrupt
{'pap': 96721.0, 'php': 390.5, 'gph': 0.0, 'mag': 177.0, 'gpv': 0.0, 'grz': 0.0, 'grx': 0.0, 'gry': 0.061, 'agz': 113.28, 'agy': 2.692, 'agx': 3.4, 'lat': 0.00446, 'acz': 1.035, 'acy': 0.062, 'acx': -0.049, 'lng': 0.01115, 't': '2017-03-08 14:52:47'}
{'pap': 96723.0, 'php': 390.3, 'gph': 0.0, 'mag': 176.0, 'gpv': 0.0, 'grz': 0.0, 'grx': -0.061, 'gry': 0.0, 'agz': 113.286, 'agy': 2.675, 'agx': 3.433, 'lat': 0.00446, 'acz': 1.034, 'acy': 0.062, 'acx': -0.048, 'lng': 0.01115, 't': '2017-03-08 14:52:59'}
{'pap': 96722.0, 'php': 390.4, 'gph': 0.0, 'mag': 176.0, 'gpv': 0.0, 'grz': -0.061, 'grx': -0.061, 'gry': 0.0, 'agz': 113.318, 'agy': 2.697, 'agx': 3.4, 'lat': 0.00446, 'acz': 1.034, 'acy': 0.062, 'acx': -0.049, 'lng': 0.01115, 't': '2017-03-08 14:53:51'}
{'pap': 96722.0, 'php': 390.4, 'gph': 0.0, 'mag': 177.0, 'gpv': 0.0, 'grz': -0.061, 'grx': 0.0, 'gry': 0.0, 'agz': 113.318, 'agy': 2.67, 'agx': 3.433, 'lat': 0.00446, 'acz': 1.033, 'acy': 0.062, 'acx': -0.048, 'lng': 0.01115, 't': '2017-03-08 14:53:52'}
{'pap': 96722.0, 'php': 390.3, 'gph': 0.0, 'mag': 176.0, 'gpv': 0.0, 'grz': 0.0, 'grx': -0.061, 'gry': 0.0, 'agz': 113.318, 'agy': 2.697, 'agx': 3.4, 'lat': 0.00446, 'acz': 1.034, 'acy': 0.062, 'acx': -0.049, 'lng': 0.01115, 't': '2017-03-08 14:53:53'}
{'pap': 96722.0, 'php': 390.3, 'gph': 0.0, 'mag': 177.0, 'gpv': 0.0, 'grz': 0.0, 'grx': -0.061, 'gry': 0.0, 'agz': 113.318, 'agy': 2.692, 'agx': 3.428, 'lat': 0.00446, 'acz': 1.035, 'acy': 0.062, 'acx': -0.049, 'lng': 0.01115, 't': '2017-03-08 14:53:54'}
{'pap': 96721.0, 'php': 390.5, 'gph': 0.0, 'mag': 177.0, 'gpv': 0.0, 'grz': 0.0, 'grx': 0.0, 'gry': 0.0, 'agz': 113.318, 'agy': 2.725, 'agx': 3.373, 'lat': 0.00446, 'acz': 1.034, 'acy': 0.061, 'acx': -0.049, 'lng': 0.01115, 't': '2017-03-08 14:53:55'}
{'pap': 96721.0, 'php': 390.5, 'gph': 0.0, 'mag': 176.0, 'gpv': 0.0, 'grz': -0.061, 'grx': -0.061, 'gry': 0.0, 'agz': 113.318, 'agy': 2.67, 'agx': 3.373, 'lat': 0.00446, 'acz': 1.035, 'acy': 0.061, 'acx': -0.048, 'lng': 0.01115, 't': '2017-03-08 14:53:56'}
{'pap': 96721.0, 'php': 390.4, 'gph': 0.0, 'mag': 177.0, 'gpv': 0.0, 'grz': -0.061, 'grx': 0.0, 'gry': 0.0, 'agz': 113.318, 'agy': 2.67, 'agx': 3.4, 'lat': 0.00446, 'acz': 1.034, 'acy': 0.062, 'acx': -0.048, 'lng': 0.01115, 't': '2017-03-08 14:53:57'}
{'pap': 96722.0, 'php': 390.4, 'gph': 0.0, 'mag': 177.0, 'gpv': 0.0, 'grz': -0.061, 'grx': -0.061, 'gry': 0.0, 'agz': 113.318, 'agy': 2.67, 'agx': 3.433, 'lat': 0.00446, 'acz': 1.034, 'acy': 0.062, 'acx': -0.048, 'lng': 0.01115, 't': '2017-03-08 14:53:59'}
{'pap': 96722.0, 'php': 390.4, 'gph': 0.0, 'mag': 176.0, 'gpv': 0.0, 'grz': 0.0, 'grx': 0.0, 'gry': 0.061, 'agz': 113.324, 'agy': 2.692, 'agx': 3.395, 'lat': 0.00446, 'acz': 1.036, 'acy': 0.062, 'acx': -0.049, 'lng': 0.01115, 't': '2017-03-08 14:54:00'}
{'pap': 96721.0, 'php': 390.4, 'gph': 0.0, 'mag': 177.0, 'gpv': 0.0, 'grz': 0.0, 'grx': -0.061, 'gry': 0.061, 'agz': 113.324, 'agy': 2.719, 'agx': 3.428, 'lat': 0.00446, 'acz': 1.035, 'acy': 0.062, 'acx': -0.049, 'lng': 0.01115, 't': '2017-03-08 14:54:01'}
{'pap': 96722.0, 'php': 390.4, 'gph': 0.0, 'mag': 177.0, 'gpv': 0.0, 'grz': -0.061, 'grx': -0.061, 'gry': 0.0, 'agz': 113.324, 'agy': 2.725, 'agx': 3.378, 'lat': 0.00446, 'acz': 1.034, 'acy': 0.061, 'acx': -0.049, 'lng': 0.01115, 't': '2017-03-08 14:54:02'}
{'pap': 96722.0, 'php': 390.4, 'gph': 0.0, 'mag': 177.0, 'gpv': 0.0, 'grz': 0.0, 'grx': -0.061, 'gry': 0.061, 'agz': 113.324, 'agy': 2.648, 'agx': 3.4, 'lat': 0.00446, 'acz': 1.033, 'acy': 0.062, 'acx': -0.048, 'lng': 0.01115, 't': '2017-03-08 14:54:03'}
{'pap': 96721.0, 'php': 390.5, 'gph': 0.0, 'mag': 177.0, 'gpv': 0.0, 'grz': 0.0, 'grx': -0.061, 'gry': 0.0, 'agz': 113.324, 'agy': 2.697, 'agx': 3.422, 'lat': 0.00446, 'acz': 1.035, 'acy': 0.062, 'acx': -0.049, 'lng': 0.01115, 't': '2017-03-08 14:54:04'}
{'pap': 96722.0, 'php': 390.4, 'gph': 0.0, 'mag': 176.0, 'gpv': 0.0, 'grz': 0.0, 'grx': -0.061, 'gry': 0.061, 'agz': 113.324, 'agy': 2.697, 'agx': 3.428, 'lat': 0.00446, 'acz': 1.034, 'acy': 0.062, 'acx': -0.049, 'lng': 0.01115, 't': '2017-03-08 14:54:05'}
{'pap': 96722.0, 'php': 390.4, 'gph': 0.0, 'mag': 176.0, 'gpv': 0.0, 'grz': -0.061, 'grx': -0.061, 'gry': 0.061, 'agz': 113.324, 'agy': 2.719, 'agx': 3.428, 'lat': 0.00446, 'acz': 1.034, 'acy': 0.062, 'acx': -0.049, 'lng': 0.01115, 't': '2017-03-08 14:54:06'}
{'pap': 96722.0, 'php': 390.4, 'gph': 0.0, 'mag': 177.0, 'gpv': 0.0, 'grz': 0.0, 'grx': -0.061, 'gry': 0.061, 'agz': 113.324, 'agy': 2.697, 'agx': 3.433, 'lat': 0.00446, 'acz': 1.033, 'acy': 0.062, 'acx': -0.049, 'lng': 0.01115, 't': '2017-03-08 14:54:07'}
{'pap': 96723.0, 'php': 390.3, 'gph': 0.0, 'mag': 177.0, 'gpv': 0.0, 'grz': -0.061, 'grx': -0.061, 'gry': 0.0, 'agz': 113.324, 'agy': 2.719, 'agx': 3.433, 'lat': 0.00446, 'acz': 1.034, 'acy': 0.062, 'acx': -0.049, 'lng': 0.01115, 't': '2017-03-08 14:54:08'}
{'pap': 96724.0, 'php': 390.2, 'gph': 0.0, 'mag': 177.0, 'gpv': 0.0, 'grz': 0.0, 'grx': -0.061, 'gry': 0.061, 'agz': 113.324, 'agy': 2.675, 'agx': 3.433, 'lat': 0.00446, 'acz': 1.034, 'acy': 0.062, 'acx': -0.048, 'lng': 0.01115, 't': '2017-03-08 14:54:09'}
{'pap': 96723.0, 'php': 390.3, 'gph': 0.0, 'mag': 177.0, 'gpv': 0.0, 'grz': 0.0, 'grx': -0.061, 'gry': 0.061, 'agz': 113.324, 'agy': 2.692, 'agx': 3.406, 'lat': 0.00446, 'acz': 1.034, 'acy': 0.062, 'acx': -0.049, 'lng': 0.01115, 't': '2017-03-08 14:54:10'}
{'pap': 96722.0, 'php': 390.3, 'gph': 0.0, 'mag': 177.0, 'gpv': 0.0, 'grz': 0.0, 'grx': -0.061, 'gry': 0.0, 'agz': 113.329, 'agy': 2.67, 'agx': 3.406, 'lat': 0.00446, 'acz': 1.035, 'acy': 0.062, 'acx': -0.048, 'lng': 0.01115, 't': '2017-03-08 14:54:11'}
{'pap': 96723.0, 'php': 390.3, 'gph': 0.0, 'mag': 176.0, 'gpv': 0.0, 'grz': 0.0, 'grx': 0.0, 'gry': 0.0, 'agz': 113.329, 'agy': 2.67, 'agx': 3.4, 'lat': 0.00446, 'acz': 1.036, 'acy': 0.062, 'acx': -0.048, 'lng': 0.01115, 't': '2017-03-08 14:54:12'}
{'pap': 96723.0, 'php': 390.3, 'gph': 0.0, 'mag': 176.0, 'gpv': 0.0, 'grz': 0.0, 'grx': -0.061, 'gry': 0.0, 'agz': 113.329, 'agy': 2.692, 'agx': 3.455, 'lat': 0.00446, 'acz': 1.034, 'acy': 0.062, 'acx': -0.049, 'lng': 0.01115, 't': '2017-03-08 14:54:13'}
{'pap': 96722.0, 'php': 390.4, 'gph': 0.0, 'mag': 177.0, 'gpv': 0.0, 'grz': 0.0, 'grx': 0.0, 'gry': 0.061, 'agz': 113.329, 'agy': 2.664, 'agx': 3.45, 'lat': 0.00446, 'acz': 1.035, 'acy': 0.062, 'acx': -0.048, 'lng': 0.01115, 't': '2017-03-08 14:54:14'}
{'pap': 96721.0, 'php': 390.5, 'gph': 0.0, 'mag': 177.0, 'gpv': 0.0, 'grz': 0.0, 'grx': -0.061, 'gry': 0.061, 'agz': 113.329, 'agy': 2.67, 'agx': 3.406, 'lat': 0.00446, 'acz': 1.034, 'acy': 0.062, 'acx': -0.048, 'lng': 0.01115, 't': '2017-03-08 14:54:15'}
{'pap': 96720.0, 'php': 390.5, 'gph': 0.0, 'mag': 177.0, 'gpv': 0.0, 'grz': 0.0, 'grx': -0.061, 'gry': 0.061, 'agz': 113.329, 'agy': 2.692, 'agx': 3.4, 'lat': 0.00446, 'acz': 1.035, 'acy': 0.062, 'acx': -0.049, 'lng': 0.01115, 't': '2017-03-08 14:54:16'}
{'pap': 96720.0, 'php': 390.5, 'gph': 0.0, 'mag': 176.0, 'gpv': 0.0, 'grz': -0.061, 'grx': -0.061, 'gry': 0.0, 'agz': 113.329, 'agy': 2.67, 'agx': 3.422, 'lat': 0.00446, 'acz': 1.034, 'acy': 0.062, 'acx': -0.048, 'lng': 0.01115, 't': '2017-03-08 14:54:17'}
{'pap': 96720.0, 'php': 390.5, 'gph': 0.0, 'mag': 177.0, 'gpv': 0.0, 'grz': 0.0, 'grx': 0.0, 'gry': 0.061, 'agz': 113.329, 'agy': 2.648, 'agx': 3.428, 'lat': 0.00446, 'acz': 1.034, 'acy': 0.062, 'acx': -0.048, 'lng': 0.01115, 't': '2017-03-08 14:54:18'}
{'pap': 96719.0, 'php': 390.6, 'gph': 0.0, 'mag': 177.0, 'gpv': 0.0, 'grz': 0.0, 'grx': -0.061, 'gry': 0.0, 'agz': 113.335, 'agy': 2.697, 'agx': 3.4, 'lat': 0.00446, 'acz': 1.034, 'acy': 0.062, 'acx': -0.049, 'lng': 0.01115, 't': '2017-03-08 14:54:19'}
{'pap': 96719.0, 'php': 390.6, 'gph': 0.0, 'mag': 177.0, 'gpv': 0.0, 'grz': 0.0, 'grx': -0.061, 'gry': 0.061, 'agz': 113.335, 'agy': 2.697, 'agx': 3.4, 'lat': 0.00446, 'acz': 1.034, 'acy': 0.062, 'acx': -0.049, 'lng': 0.01115, 't': '2017-03-08 14:54:20'}
{'pap': 96719.0, 'php': 390.6, 'gph': 0.0, 'mag': 177.0, 'gpv': 0.0, 'grz': 0.0, 'grx': -0.061, 'gry': 0.061, 'agz': 113.335, 'agy': 2.697, 'agx': 3.455, 'lat': 0.00446, 'acz': 1.034, 'acy': 0.062, 'acx': -0.049, 'lng': 0.01115, 't': '2017-03-08 14:54:21'}
{'pap': 96718.0, 'php': 390.7, 'gph': 0.0, 'mag': 177.0, 'gpv': 0.0, 'grz': 0.0, 'grx': -0.061, 'gry': 0.061, 'agz': 113.335, 'agy': 2.67, 'agx': 3.428, 'lat': 0.00446, 'acz': 1.034, 'acy': 0.062, 'acx': -0.048, 'lng': 0.01115, 't': '2017-03-08 14:54:22'}
{'pap': 96720.0, 'php': 390.5, 'gph': 0.0, 'mag': 177.0, 'gpv': 0.0, 'grz': -0.061, 'grx': -0.061, 'gry': 0.0, 'agz': 113.335, 'agy': 2.719, 'agx': 3.428, 'lat': 0.00446, 'acz': 1.035, 'acy': 0.062, 'acx': -0.049, 'lng': 0.01115, 't': '2017-03-08 14:54:23'}
{'pap': 96719.0, 'php': 390.6, 'gph': 0.0, 'mag': 176.0, 'gpv': 0.0, 'grz': -0.061, 'grx': -0.061, 'gry': 0.061, 'agz': 113.335, 'agy': 2.692, 'agx': 3.4, 'lat': 0.00446, 'acz': 1.035, 'acy': 0.062, 'acx': -0.049, 'lng': 0.01115, 't': '2017-03-08 14:54:25'}
{'pap': 96720.0, 'php': 390.5, 'gph': 0.0, 'mag': 177.0, 'gpv': 0.0, 'grz': 0.0, 'grx': 0.0, 'gry': 0.061, 'agz': 113.335, 'agy': 2.725, 'agx': 3.4, 'lat': 0.00446, 'acz': 1.034, 'acy': 0.062, 'acx': -0.049, 'lng': 0.01115, 't': '2017-03-08 14:54:26'}
{'pap': 96720.0, 'php': 390.6, 'gph': 0.0, 'mag': 176.0, 'gpv': 0.0, 'grz': -0.061, 'grx': -0.061, 'gry': 0.061, 'agz': 113.335, 'agy': 2.697, 'agx': 3.4, 'lat': 0.00446, 'acz': 1.034, 'acy': 0.062, 'acx': -0.049, 'lng': 0.01115, 't': '2017-03-08 14:54:27'}
{'pap': 96719.0, 'php': 390.6, 'gph': 0.0, 'mag': 177.0, 'gpv': 0.0, 'grz': -0.061, 'grx': -0.061, 'gry': 0.0, 'agz': 113.34, 'agy': 2.697, 'agx': 3.4, 'lat': 0.00446, 'acz': 1.034, 'acy': 0.062, 'acx': -0.049, 'lng': 0.01115, 't': '2017-03-08 14:54:28'}
{'pap': 96719.0, 'php': 390.6, 'gph': 0.0, 'mag': 177.0, 'gpv': 0.0, 'grz': -0.061, 'grx': -0.061, 'gry': 0.0, 'agz': 113.34, 'agy': 2.664, 'agx': 3.428, 'lat': 0.00446, 'acz': 1.035, 'acy': 0.062, 'acx': -0.048, 'lng': 0.01115, 't': '2017-03-08 14:54:29'}
{'pap': 96719.0, 'php': 390.6, 'gph': 0.0, 'mag': 177.0, 'gpv': 0.0, 'grz': 0.0, 'grx': 0.0, 'gry': 0.0, 'agz': 113.34, 'agy': 2.697, 'agx': 3.4, 'lat': 0.00446, 'acz': 1.035, 'acy': 0.062, 'acx': -0.049, 'lng': 0.01115, 't': '2017-03-08 14:54:30'}
{'pap': 96720.0, 'php': 390.6, 'gph': 0.0, 'mag': 176.0, 'gpv': 0.0, 'grz': 0.0, 'grx': 0.0, 'gry': 0.0, 'agz': 113.34, 'agy': 2.642, 'agx': 3.455, 'lat': 0.00446, 'acz': 1.034, 'acy': 0.062, 'acx': -0.048, 'lng': 0.01115, 't': '2017-03-08 14:54:31'}
{'pap': 96719.0, 'php': 390.6, 'gph': 0.0, 'mag': 176.0, 'gpv': 0.0, 'grz': 0.0, 'grx': 0.0, 'gry': 0.0, 'agz': 113.34, 'agy': 2.692, 'agx': 3.428, 'lat': 0.00446, 'acz': 1.035, 'acy': 0.062, 'acx': -0.049, 'lng': 0.01115, 't': '2017-03-08 14:54:32'}
{'pap': 96719.0, 'php': 390.6, 'gph': 0.0, 'mag': 176.0, 'gpv': 0.0, 'grz': 0.061, 'grx': -0.061, 'gry': 0.061, 'agz': 113.34, 'agy': 2.725, 'agx': 3.4, 'lat': 0.00446, 'acz': 1.034, 'acy': 0.062, 'acx': -0.049, 'lng': 0.01115, 't': '2017-03-08 14:54:33'}
{'pap': 96718.0, 'php': 390.7, 'gph': 0.0, 'mag': 177.0, 'gpv': 0.0, 'grz': 0.0, 'grx': -0.061, 'gry': 0.0, 'agz': 113.34, 'agy': 2.67, 'agx': 3.4, 'lat': 0.00446, 'acz': 1.035, 'acy': 0.062, 'acx': -0.048, 'lng': 0.01115, 't': '2017-03-08 14:54:34'}
{'pap': 96718.0, 'php': 390.7, 'gph': 0.0, 'mag': 176.0, 'gpv': 0.0, 'grz': 0.0, 'grx': 0.0, 'gry': 0.0, 'agz': 113.34, 'agy': 2.648, 'agx': 3.406, 'lat': 0.00446, 'acz': 1.034, 'acy': 0.062, 'acx': -0.048, 'lng': 0.01115, 't': '2017-03-08 14:54:35'}
{'pap': 96719.0, 'php': 390.6, 'gph': 0.0, 'mag': 177.0, 'gpv': 0.0, 'grz': 0.0, 'grx': 0.0, 'gry': 0.0, 'agz': 113.34, 'agy': 2.697, 'agx': 3.428, 'lat': 0.00446, 'acz': 1.034, 'acy': 0.062, 'acx': -0.049, 'lng': 0.01115, 't': '2017-03-08 14:54:36'}
{'pap': 96719.0, 'php': 390.6, 'gph': 0.0, 'mag': 177.0, 'gpv': 0.0, 'grz': 0.0, 'grx': -0.061, 'gry': 0.0, 'agz': 113.346, 'agy': 2.697, 'agx': 3.406, 'lat': 0.00446, 'acz': 1.034, 'acy': 0.062, 'acx': -0.049, 'lng': 0.01115, 't': '2017-03-08 14:54:37'}
{'pap': 96720.0, 'php': 390.6, 'gph': 0.0, 'mag': 176.0, 'gpv': 0.0, 'grz': 0.0, 'grx': -0.061, 'gry': 0.0, 'agz': 113.346, 'agy': 2.648, 'agx': 3.406, 'lat': 0.00446, 'acz': 1.033, 'acy': 0.062, 'acx': -0.048, 'lng': 0.01115, 't': '2017-03-08 14:54:38'}
{'pap': 96719.0, 'php': 390.6, 'gph': 0.0, 'mag': 177.0, 'gpv': 0.0, 'grz': 0.0, 'grx': 0.0, 'gry': 0.061, 'agz': 113.346, 'agy': 2.67, 'agx': 3.455, 'lat': 0.00446, 'acz': 1.033, 'acy': 0.062, 'acx': -0.048, 'lng': 0.01115, 't': '2017-03-08 14:54:39'}
{'pap': 96719.0, 'php': 390.6, 'gph': 0.0, 'mag': 177.0, 'gpv': 0.0, 'grz': -0.122, 'grx': -0.061, 'gry': 0.061, 'agz': 113.346, 'agy': 2.664, 'agx': 3.45, 'lat': 0.00446, 'acz': 1.036, 'acy': 0.062, 'acx': -0.048, 'lng': 0.01115, 't': '2017-03-08 14:54:40'}
{'pap': 96719.0, 'php': 390.6, 'gph': 0.0, 'mag': 176.0, 'gpv': 0.0, 'grz': -0.061, 'grx': 0.0, 'gry': 0.061, 'agz': 113.346, 'agy': 2.67, 'agx': 3.455, 'lat': 0.00446, 'acz': 1.034, 'acy': 0.062, 'acx': -0.048, 'lng': 0.01115, 't': '2017-03-08 14:54:41'}
{'pap': 96720.0, 'php': 390.5, 'gph': 0.0, 'mag': 177.0, 'gpv': 0.0, 'grz': -0.061, 'grx': -0.061, 'gry': 0.0, 'agz': 113.346, 'agy': 2.664, 'agx': 3.45, 'lat': 0.00446, 'acz': 1.036, 'acy': 0.062, 'acx': -0.048, 'lng': 0.01115, 't': '2017-03-08 14:54:42'}
{'pap': 96720.0, 'php': 390.5, 'gph': 0.0, 'mag': 177.0, 'gpv': 0.0, 'grz': 0.0, 'grx': -0.061, 'gry': 0.061, 'agz': 113.346, 'agy': 2.675, 'agx': 3.406, 'lat': 0.00446, 'acz': 1.034, 'acy': 0.062, 'acx': -0.048, 'lng': 0.01115, 't': '2017-03-08 14:54:43'}
{'pap': 96719.0, 'php': 390.6, 'gph': 0.0, 'mag': 177.0, 'gpv': 0.0, 'grz': -0.061, 'grx': -0.061, 'gry': 0.061, 'agz': 113.351, 'agy': 2.675, 'agx': 3.428, 'lat': 0.00446, 'acz': 1.034, 'acy': 0.062, 'acx': -0.048, 'lng': 0.01115, 't': '2017-03-08 14:54:44'}
{'pap': 96718.0, 'php': 390.7, 'gph': 0.0, 'mag': 177.0, 'gpv': 0.0, 'grz': -0.061, 'grx': -0.061, 'gry': 0.061, 'agz': 113.351, 'agy': 2.67, 'agx': 3.422, 'lat': 0.00446, 'acz': 1.035, 'acy': 0.062, 'acx': -0.048, 'lng': 0.01115, 't': '2017-03-08 14:54:45'}
{'pap': 96719.0, 'php': 390.6, 'gph': 0.0, 'mag': 176.0, 'gpv': 0.0, 'grz': 0.0, 'grx': -0.061, 'gry': 0.061, 'agz': 113.351, 'agy': 2.67, 'agx': 3.411, 'lat': 0.00446, 'acz': 1.033, 'acy': 0.062, 'acx': -0.048, 'lng': 0.01115, 't': '2017-03-08 14:54:46'}
{'pap': 96719.0, 'php': 390.6, 'gph': 0.0, 'mag': 177.0, 'gpv': 0.0, 'grz': 0.061, 'grx': -0.061, 'gry': 0.061, 'agz': 113.351, 'agy': 2.697, 'agx': 3.411, 'lat': 0.00446, 'acz': 1.033, 'acy': 0.062, 'acx': -0.049, 'lng': 0.01115, 't': '2017-03-08 14:54:47'}
{'pap': 96719.0, 'php': 390.6, 'gph': 0.0, 'mag': 176.0, 'gpv': 0.0, 'grz': 0.0, 'grx': -0.061, 'gry': 0.0, 'agz': 113.351, 'agy': 2.67, 'agx': 3.373, 'lat': 0.00446, 'acz': 1.036, 'acy': 0.061, 'acx': -0.048, 'lng': 0.01115, 't': '2017-03-08 14:54:48'}
{'pap': 96720.0, 'php': 390.5, 'gph': 0.0, 'mag': 177.0, 'gpv': 0.0, 'grz': 0.0, 'grx': -0.061, 'gry': 0.061, 'agz': 113.351, 'agy': 2.67, 'agx': 3.422, 'lat': 0.00446, 'acz': 1.035, 'acy': 0.062, 'acx': -0.048, 'lng': 0.01115, 't': '2017-03-08 14:54:49'}
{'pap': 96721.0, 'php': 390.5, 'gph': 0.0, 'mag': 176.0, 'gpv': 0.0, 'grz': -0.061, 'grx': -0.061, 'gry': 0.061, 'agz': 113.351, 'agy': 2.697, 'agx': 3.378, 'lat': 0.00446, 'acz': 1.033, 'acy': 0.061, 'acx': -0.049, 'lng': 0.01115, 't': '2017-03-08 14:54:51'}
{'pap': 96722.0, 'php': 390.4, 'gph': 0.0, 'mag': 177.0, 'gpv': 0.0, 'grz': -0.061, 'grx': 0.0, 'gry': 0.0, 'agz': 113.351, 'agy': 2.692, 'agx': 3.428, 'lat': 0.00446, 'acz': 1.035, 'acy': 0.062, 'acx': -0.049, 'lng': 0.01115, 't': '2017-03-08 14:54:52'}
{'pap': 96721.0, 'php': 390.5, 'gph': 0.0, 'mag': 177.0, 'gpv': 0.0, 'grz': 0.0, 'grx': -0.061, 'gry': 0.0, 'agz': 113.351, 'agy': 2.692, 'agx': 3.4, 'lat': 0.00446, 'acz': 1.034, 'acy': 0.062, 'acx': -0.049, 'lng': 0.01115, 't': '2017-03-08 14:54:53'}
{'pap': 96720.0, 'php': 390.5, 'gph': 0.0, 'mag': 177.0, 'gpv': 0.0, 'grz': 0.0, 'grx': -0.061, 'gry': 0.0, 'agz': 113.357, 'agy': 2.642, 'agx': 3.428, 'lat': 0.00446, 'acz': 1.034, 'acy': 0.062, 'acx': -0.048, 'lng': 0.01115, 't': '2017-03-08 14:54:54'}
{'pap': 96720.0, 'php': 390.5, 'gph': 0.0, 'mag': 177.0, 'gpv': 0.0, 'grz': -0.061, 'grx': 0.0, 'gry': 0.061, 'agz': 113.357, 'agy': 2.675, 'agx': 3.406, 'lat': 0.00446, 'acz': 1.033, 'acy': 0.062, 'acx': -0.048, 'lng': 0.01115, 't': '2017-03-08 14:54:55'}
{'pap': 96720.0, 'php': 390.5, 'gph': 0.0, 'mag': 176.0, 'gpv': 0.0, 'grz': -0.061, 'grx': -0.061, 'gry': 0.0, 'agz': 113.357, 'agy': 2.642, 'agx': 3.428, 'lat': 0.00446, 'acz': 1.035, 'acy': 0.062, 'acx': -0.048, 'lng': 0.01115, 't': '2017-03-08 14:54:56'}
{'pap': 96720.0, 'php': 390.5, 'gph': 0.0, 'mag': 176.0, 'gpv': 0.0, 'grz': 0.0, 'grx': -0.061, 'gry': 0.061, 'agz': 113.357, 'agy': 2.692, 'agx': 3.45, 'lat': 0.00446, 'acz': 1.035, 'acy': 0.062, 'acx': -0.049, 'lng': 0.01115, 't': '2017-03-08 14:54:57'}
{'pap': 96720.0, 'php': 390.5, 'gph': 0.0, 'mag': 177.0, 'gpv': 0.0, 'grz': -0.061, 'grx': 0.0, 'gry': 0.061, 'agz': 113.357, 'agy': 2.725, 'agx': 3.406, 'lat': 0.00446, 'acz': 1.034, 'acy': 0.062, 'acx': -0.049, 'lng': 0.01115, 't': '2017-03-08 14:54:58'}
{'pap': 96720.0, 'php': 390.6, 'gph': 0.0, 'mag': 176.0, 'gpv': 0.0, 'grz': -0.061, 'grx': -0.061, 'gry': 0.061, 'agz': 113.357, 'agy': 2.67, 'agx': 3.406, 'lat': 0.00446, 'acz': 1.033, 'acy': 0.062, 'acx': -0.048, 'lng': 0.01115, 't': '2017-03-08 14:54:59'}
{'pap': 96719.0, 'php': 390.6, 'gph': 0.0, 'mag': 176.0, 'gpv': 0.0, 'grz': 0.0, 'grx': -0.061, 'gry': 0.061, 'agz': 113.357, 'agy': 2.697, 'agx': 3.4, 'lat': 0.00446, 'acz': 1.034, 'acy': 0.062, 'acx': -0.049, 'lng': 0.01115, 't': '2017-03-08 14:55:00'}
{'pap': 96720.0, 'php': 390.6, 'gph': 0.0, 'mag': 177.0, 'gpv': 0.0, 'grz': 0.0, 'grx': -0.061, 'gry': 0.061, 'agz': 113.357, 'agy': 2.697, 'agx': 3.406, 'lat': 0.00446, 'acz': 1.034, 'acy': 0.062, 'acx': -0.049, 'lng': 0.01115, 't': '2017-03-08 14:55:01'}
{'pap': 96719.0, 'php': 390.6, 'gph': 0.0, 'mag': 177.0, 'gpv': 0.0, 'grz': -0.061, 'grx': -0.061, 'gry': 0.061, 'agz': 113.357, 'agy': 2.725, 'agx': 3.433, 'lat': 0.00446, 'acz': 1.033, 'acy': 0.062, 'acx': -0.049, 'lng': 0.01115, 't': '2017-03-08 14:55:02'}
{'pap': 96719.0, 'php': 390.6, 'gph': 0.0, 'mag': 176.0, 'gpv': 0.0, 'grz': -0.061, 'grx': -0.061, 'gry': 0.061, 'agz': 113.362, 'agy': 2.67, 'agx': 3.4, 'lat': 0.00446, 'acz': 1.035, 'acy': 0.062, 'acx': -0.048, 'lng': 0.01115, 't': '2017-03-08 14:55:03'}
{'pap': 96719.0, 'php': 390.6, 'gph': 0.0, 'mag': 176.0, 'gpv': 0.0, 'grz': -0.061, 'grx': -0.061, 'gry': 0.061, 'agz': 113.362, 'agy': 2.67, 'agx': 3.455, 'lat': 0.00446, 'acz': 1.034, 'acy': 0.062, 'acx': -0.048, 'lng': 0.01115, 't': '2017-03-08 14:55:04'}
{'pap': 96719.0, 'php': 390.6, 'gph': 0.0, 'mag': 177.0, 'gpv': 0.0, 'grz': -0.061, 'grx': 0.0, 'gry': 0.061, 'agz': 113.362, 'agy': 2.697, 'agx': 3.378, 'lat': 0.00446, 'acz': 1.034, 'acy': 0.061, 'acx': -0.049, 'lng': 0.01115, 't': '2017-03-08 14:55:05'}
{'pap': 96719.0, 'php': 390.6, 'gph': 0.0, 'mag': 176.0, 'gpv': 0.0, 'grz': -0.061, 'grx': -0.061, 'gry': 0.061, 'agz': 113.362, 'agy': 2.719, 'agx': 3.483, 'lat': 0.00446, 'acz': 1.035, 'acy': 0.063, 'acx': -0.049, 'lng': 0.01115, 't': '2017-03-08 14:55:06'}
{'pap': 96719.0, 'php': 390.6, 'gph': 0.0, 'mag': 177.0, 'gpv': 0.0, 'grz': 0.0, 'grx': -0.061, 'gry': 0.061, 'agz': 113.362, 'agy': 2.697, 'agx': 3.428, 'lat': 0.00446, 'acz': 1.035, 'acy': 0.062, 'acx': -0.049, 'lng': 0.01115, 't': '2017-03-08 14:55:07'}
{'pap': 96719.0, 'php': 390.6, 'gph': 0.0, 'mag': 177.0, 'gpv': 0.0, 'grz': -0.061, 'grx': 0.0, 'gry': 0.061, 'agz': 113.362, 'agy': 2.675, 'agx': 3.406, 'lat': 0.00446, 'acz': 1.034, 'acy': 0.062, 'acx': -0.048, 'lng': 0.01115, 't': '2017-03-08 14:55:08'}
{'pap': 96720.0, 'php': 390.6, 'gph': 0.0, 'mag': 177.0, 'gpv': 0.0, 'grz': 0.0, 'grx': -0.061, 'gry': 0.061, 'agz': 113.362, 'agy': 2.719, 'agx': 3.45, 'lat': 0.00446, 'acz': 1.034, 'acy': 0.062, 'acx': -0.049, 'lng': 0.01115, 't': '2017-03-08 14:55:09'}
{'pap': 96721.0, 'php': 390.5, 'gph': 0.0, 'mag': 176.0, 'gpv': 0.0, 'grz': -0.061, 'grx': 0.0, 'gry': 0.061, 'agz': 113.362, 'agy': 2.697, 'agx': 3.428, 'lat': 0.00446, 'acz': 1.034, 'acy': 0.062, 'acx': -0.049, 'lng': 0.01115, 't': '2017-03-08 14:55:10'}
{'pap': 96720.0, 'php': 390.5, 'gph': 0.0, 'mag': 177.0, 'gpv': 0.0, 'grz': 0.0, 'grx': -0.061, 'gry': 0.061, 'agz': 113.368, 'agy': 2.664, 'agx': 3.378, 'lat': 0.00446, 'acz': 1.035, 'acy': 0.061, 'acx': -0.048, 'lng': 0.01115, 't': '2017-03-08 14:55:11'}
{'pap': 96720.0, 'php': 390.6, 'gph': 0.0, 'mag': 177.0, 'gpv': 0.0, 'grz': 0.0, 'grx': -0.061, 'gry': 0.061, 'agz': 113.368, 'agy': 2.67, 'agx': 3.4, 'lat': 0.00446, 'acz': 1.034, 'acy': 0.062, 'acx': -0.048, 'lng': 0.01115, 't': '2017-03-08 14:55:12'}
{'pap': 96720.0, 'php': 390.5, 'gph': 0.0, 'mag': 176.0, 'gpv': 0.0, 'grz': -0.061, 'grx': 0.0, 'gry': 0.061, 'agz': 113.368, 'agy': 2.697, 'agx': 3.406, 'lat': 0.00446, 'acz': 1.033, 'acy': 0.062, 'acx': -0.049, 'lng': 0.01115, 't': '2017-03-08 14:55:13'}
{'pap': 96719.0, 'php': 390.6, 'gph': 0.0, 'mag': 176.0, 'gpv': 0.0, 'grz': 0.0, 'grx': 0.0, 'gry': 0.061, 'agz': 113.368, 'agy': 2.67, 'agx': 3.406, 'lat': 0.00446, 'acz': 1.034, 'acy': 0.062, 'acx': -0.048, 'lng': 0.01115, 't': '2017-03-08 14:55:14'}
{'pap': 96721.0, 'php': 390.5, 'gph': 0.0, 'mag': 176.0, 'gpv': 0.0, 'grz': -0.061, 'grx': -0.061, 'gry': 0.061, 'agz': 113.368, 'agy': 2.725, 'agx': 3.378, 'lat': 0.00446, 'acz': 1.034, 'acy': 0.061, 'acx': -0.049, 'lng': 0.01115, 't': '2017-03-08 14:55:15'}
{'pap': 96720.0, 'php': 390.5, 'gph': 0.0, 'mag': 176.0, 'gpv': 0.0, 'grz': 0.0, 'grx': -0.061, 'gry': 0.061, 'agz': 113.368, 'agy': 2.697, 'agx': 3.428, 'lat': 0.00446, 'acz': 1.034, 'acy': 0.062, 'acx': -0.049, 'lng': 0.01115, 't': '2017-03-08 14:55:17'}
{'pap': 96718.0, 'php': 390.7, 'gph': 0.0, 'mag': 177.0, 'gpv': 0.0, 'grz': 0.0, 'grx': -0.061, 'gry': 0.0, 'agz': 113.368, 'agy': 2.67, 'agx': 3.428, 'lat': 0.00446, 'acz': 1.035, 'acy': 0.062, 'acx': -0.048, 'lng': 0.01115, 't': '2017-03-08 14:55:18'}
{'pap': 96719.0, 'php': 390.6, 'gph': 0.0, 'mag': 176.0, 'gpv': 0.0, 'grz': -0.061, 'grx': -0.061, 'gry': 0.0, 'agz': 113.368, 'agy': 2.664, 'agx': 3.4, 'lat': 0.00446, 'acz': 1.035, 'acy': 0.062, 'acx': -0.048, 'lng': 0.01115, 't': '2017-03-08 14:55:19'}
{'pap': 96719.0, 'php': 390.6, 'gph': 0.0, 'mag': 177.0, 'gpv': 0.0, 'grz': -0.061, 'grx': -0.061, 'gry': 0.061, 'agz': 113.373, 'agy': 2.675, 'agx': 3.406, 'lat': 0.00446, 'acz': 1.032, 'acy': 0.062, 'acx': -0.048, 'lng': 0.01115, 't': '2017-03-08 14:55:20'}
{'pap': 96718.0, 'php': 390.7, 'gph': 0.0, 'mag': 177.0, 'gpv': 0.0, 'grz': -0.061, 'grx': -0.061, 'gry': 0.0, 'agz': 113.373, 'agy': 2.697, 'agx': 3.428, 'lat': 0.00446, 'acz': 1.034, 'acy': 0.062, 'acx': -0.049, 'lng': 0.01115, 't': '2017-03-08 14:55:21'}
{'pap': 96718.0, 'php': 390.7, 'gph': 0.0, 'mag': 177.0, 'gpv': 0.0, 'grz': -0.061, 'grx': 0.0, 'gry': 0.061, 'agz': 113.373, 'agy': 2.692, 'agx': 3.4, 'lat': 0.00446, 'acz': 1.035, 'acy': 0.062, 'acx': -0.049, 'lng': 0.01115, 't': '2017-03-08 14:55:22'}
{'pap': 96718.0, 'php': 390.7, 'gph': 0.0, 'mag': 177.0, 'gpv': 0.0, 'grz': 0.0, 'grx': -0.061, 'gry': 0.061, 'agz': 113.373, 'agy': 2.642, 'agx': 3.45, 'lat': 0.00446, 'acz': 1.035, 'acy': 0.062, 'acx': -0.048, 'lng': 0.01115, 't': '2017-03-08 14:55:23'}
{'pap': 96718.0, 'php': 390.7, 'gph': 0.0, 'mag': 177.0, 'gpv': 0.0, 'grz': 0.0, 'grx': -0.061, 'gry': 0.0, 'agz': 113.373, 'agy': 2.67, 'agx': 3.45, 'lat': 0.00446, 'acz': 1.034, 'acy': 0.062, 'acx': -0.048, 'lng': 0.01115, 't': '2017-03-08 14:55:24'}
{'pap': 96717.0, 'php': 390.8, 'gph': 0.0, 'mag': 177.0, 'gpv': 0.0, 'grz': -0.061, 'grx': -0.061, 'gry': 0.061, 'agz': 113.373, 'agy': 2.642, 'agx': 3.422, 'lat': 0.00446, 'acz': 1.035, 'acy': 0.062, 'acx': -0.048, 'lng': 0.01115, 't': '2017-03-08 14:55:25'}
{'pap': 96719.0, 'php': 390.7, 'gph': 0.0, 'mag': 176.0, 'gpv': 0.0, 'grz': -0.061, 'grx': 0.0, 'gry': 0.0, 'agz': 113.373, 'agy': 2.648, 'agx': 3.4, 'lat': 0.00446, 'acz': 1.034, 'acy': 0.062, 'acx': -0.048, 'lng': 0.01115, 't': '2017-03-08 14:55:26'}
{'pap': 96718.0, 'php': 390.7, 'gph': 0.0, 'mag': 177.0, 'gpv': 0.0, 'grz': 0.0, 'grx': -0.061, 'gry': 0.061, 'agz': 113.373, 'agy': 2.67, 'agx': 3.373, 'lat': 0.00446, 'acz': 1.034, 'acy': 0.061, 'acx': -0.048, 'lng': 0.01115, 't': '2017-03-08 14:55:27'}
{'pap': 96717.0, 'php': 390.8, 'gph': 0.0, 'mag': 177.0, 'gpv': 0.0, 'grz': -0.061, 'grx': -0.061, 'gry': 0.061, 'agz': 113.379, 'agy': 2.692, 'agx': 3.433, 'lat': 0.00446, 'acz': 1.035, 'acy': 0.062, 'acx': -0.049, 'lng': 0.01115, 't': '2017-03-08 14:55:28'}
{'pap': 96717.0, 'phTraceback (most recent call last):
  File "./sensor/vehicle_status.py", line 3, in <module>
    from rpc_server import rpc_server
ImportError: No module named rpc_server
